c:\users\lw\desktop\project\mfc\live\live\debug\live.pch
c:\users\lw\desktop\project\mfc\live\live\debug\vc120.pdb
c:\users\lw\desktop\project\mfc\live\live\debug\vc120.idb
c:\users\lw\desktop\project\mfc\live\live\debug\stdafx.obj
c:\users\lw\desktop\project\mfc\live\live\debug\live.obj
c:\users\lw\desktop\project\mfc\live\live\debug\livedlg.obj
c:\users\lw\desktop\project\mfc\live\live\debug\transcoding.obj
c:\users\lw\desktop\project\mfc\live\live\debug\ds_audiovideodevices.obj
c:\users\lw\desktop\project\mfc\live\live\debug\muxing.obj
c:\users\lw\desktop\project\mfc\live\live\debug\live.res
c:\users\lw\desktop\project\mfc\live\debug\live.pdb
c:\users\lw\desktop\project\mfc\live\live\debug\live.tlog\cl.command.1.tlog
c:\users\lw\desktop\project\mfc\live\live\debug\live.tlog\cl.read.1.tlog
c:\users\lw\desktop\project\mfc\live\live\debug\live.tlog\cl.write.1.tlog
c:\users\lw\desktop\project\mfc\live\live\debug\live.tlog\link-cvtres.read.1.tlog
c:\users\lw\desktop\project\mfc\live\live\debug\live.tlog\link-cvtres.write.1.tlog
c:\users\lw\desktop\project\mfc\live\live\debug\live.tlog\link-mt.read.1.tlog
c:\users\lw\desktop\project\mfc\live\live\debug\live.tlog\link-mt.write.1.tlog
c:\users\lw\desktop\project\mfc\live\live\debug\live.tlog\link-rc.read.1.tlog
c:\users\lw\desktop\project\mfc\live\live\debug\live.tlog\link-rc.write.1.tlog
c:\users\lw\desktop\project\mfc\live\live\debug\live.tlog\link.1724-cvtres.read.1.tlog
c:\users\lw\desktop\project\mfc\live\live\debug\live.tlog\link.1724-cvtres.write.1.tlog
c:\users\lw\desktop\project\mfc\live\live\debug\live.tlog\link.1724-mt.read.1.tlog
c:\users\lw\desktop\project\mfc\live\live\debug\live.tlog\link.1724-mt.write.1.tlog
c:\users\lw\desktop\project\mfc\live\live\debug\live.tlog\link.1724-rc.read.1.tlog
c:\users\lw\desktop\project\mfc\live\live\debug\live.tlog\link.1724-rc.write.1.tlog
c:\users\lw\desktop\project\mfc\live\live\debug\live.tlog\link.1724.read.1.tlog
c:\users\lw\desktop\project\mfc\live\live\debug\live.tlog\link.1724.write.1.tlog
c:\users\lw\desktop\project\mfc\live\live\debug\live.tlog\link.command.1.tlog
c:\users\lw\desktop\project\mfc\live\live\debug\live.tlog\link.read.1.tlog
c:\users\lw\desktop\project\mfc\live\live\debug\live.tlog\link.write.1.tlog
c:\users\lw\desktop\project\mfc\live\live\debug\live.tlog\rc.command.1.tlog
c:\users\lw\desktop\project\mfc\live\live\debug\live.tlog\rc.read.1.tlog
c:\users\lw\desktop\project\mfc\live\live\debug\live.tlog\rc.write.1.tlog
